<?xml version="1.0" encoding="UTF-8"?>
<!-- Generated by org.testng.reporters.JUnitXMLReporter -->
<testsuite hostname="FTLT517" ignored="0" name="Another suite" tests="3" failures="0" timestamp="07 Dec 2018 11:33:32 GMT" time="0.011" errors="0">
  <testcase name="Demo7" time="0.001" classname="testNG.Third_Class"/>
  <testcase name="Demo8" time="0.001" classname="testNG.Third_Class"/>
  <testcase name="Demo9" time="0.001" classname="testNG.Third_Class"/>
</testsuite> <!-- Another suite -->
