<?xml version="1.0" encoding="UTF-8"?>
<!-- Generated by org.testng.reporters.JUnitXMLReporter -->
<testsuite hostname="FTLT517" ignored="0" name="Firsttest" tests="6" failures="0" timestamp="04 Dec 2018 11:10:49 GMT" time="4.695" errors="0">
  <testcase name="Demo" time="3.337" classname="testNG.FirstProject"/>
  <testcase name="Demo2" time="1.302" classname="testNG.FirstProject"/>
  <testcase name="Demo5" time="0.0" classname="testNG.NewTest"/>
  <testcase name="Demo6" time="0.001" classname="testNG.Another_Test3"/>
  <testcase name="Demo7" time="0.001" classname="testNG.Another_Test3"/>
  <testcase name="Demo8" time="0.001" classname="testNG.Another_Test3"/>
</testsuite> <!-- Firsttest -->
