<?xml version="1.0" encoding="UTF-8"?>
<!-- Generated by org.testng.reporters.JUnitXMLReporter -->
<testsuite hostname="FTLT517" ignored="0" name="Regression 2" tests="3" failures="0" timestamp="09 Dec 2018 10:20:24 GMT" time="0.008" errors="0">
  <testcase name="eightht" time="0.001" classname="testNG.Third_Class"/>
  <testcase name="nineth" time="0.001" classname="testNG.Third_Class"/>
  <testcase name="seventh" time="0.001" classname="testNG.Third_Class"/>
</testsuite> <!-- Regression 2 -->
