<?xml version="1.0" encoding="UTF-8"?>
<!-- Generated by org.testng.reporters.JUnitXMLReporter -->
<testsuite hostname="FTLT517" ignored="1" name="Regression" tests="5" failures="0" timestamp="09 Dec 2018 11:57:41 GMT" time="0.054" errors="0">
  <testcase name="first" time="0.005" classname="testNG.First_Class"/>
  <testcase name="third" time="0.001" classname="testNG.First_Class"/>
  <testcase name="fifth" time="0.001" classname="testNG.Second_Class"/>
  <testcase name="fourth" time="0.003" classname="testNG.Second_Class"/>
  <testcase name="sixth" time="0.001" classname="testNG.Second_Class"/>
  <testcase name="second" time="0.0" classname="testNG.First_Class">
    <ignored/>
  </testcase> <!-- second -->
</testsuite> <!-- Regression -->
