<?xml version="1.0" encoding="UTF-8"?>
<!-- Generated by org.testng.reporters.JUnitXMLReporter -->
<testsuite hostname="FTLT517" ignored="7" name="TEstMe" tests="2" failures="0" timestamp="09 Dec 2018 10:57:51 GMT" time="0.045" errors="0">
  <testcase name="first" time="0.012" classname="testNG.First_Class"/>
  <testcase name="fifth" time="0.002" classname="testNG.Second_Class"/>
  <testcase name="nineth" time="0.0" classname="testNG.Third_Class">
    <ignored/>
  </testcase> <!-- nineth -->
  <testcase name="third" time="0.0" classname="testNG.First_Class">
    <ignored/>
  </testcase> <!-- third -->
  <testcase name="sixth" time="0.0" classname="testNG.Second_Class">
    <ignored/>
  </testcase> <!-- sixth -->
  <testcase name="seventh" time="0.0" classname="testNG.Third_Class">
    <ignored/>
  </testcase> <!-- seventh -->
  <testcase name="eightht" time="0.0" classname="testNG.Third_Class">
    <ignored/>
  </testcase> <!-- eightht -->
  <testcase name="second" time="0.0" classname="testNG.First_Class">
    <ignored/>
  </testcase> <!-- second -->
  <testcase name="fourth" time="0.0" classname="testNG.Second_Class">
    <ignored/>
  </testcase> <!-- fourth -->
</testsuite> <!-- TEstMe -->
