<?xml version="1.0" encoding="UTF-8"?>
<!-- Generated by org.testng.reporters.JUnitXMLReporter -->
<testsuite hostname="FTLT517" ignored="0" name="Default test" tests="4" failures="0" timestamp="09 Dec 2018 12:55:16 GMT" time="18.39" errors="0">
  <testcase name="eightht" time="0.012" classname="testNG.Third_Class"/>
  <testcase name="login" time="18.346" classname="testNG.Third_Class"/>
  <testcase name="nineth" time="0.001" classname="testNG.Third_Class"/>
  <testcase name="seventh" time="0.002" classname="testNG.Third_Class"/>
</testsuite> <!-- Default test -->
