<?xml version="1.0" encoding="UTF-8"?>
<testng-results skipped="0" failed="0" ignored="0" total="4" passed="4">
  <reporter-output>
  </reporter-output>
  <suite name="Default suite" duration-ms="18390" started-at="2018-12-09T12:54:57Z" finished-at="2018-12-09T12:55:16Z">
    <groups>
    </groups>
    <test name="Default test" duration-ms="18390" started-at="2018-12-09T12:54:57Z" finished-at="2018-12-09T12:55:16Z">
      <class name="testNG.Third_Class">
        <test-method status="PASS" signature="eightht()[pri:0, instance:testNG.Third_Class@1753acfe]" name="eightht" duration-ms="12" started-at="2018-12-09T12:54:57Z" finished-at="2018-12-09T12:54:57Z">
          <reporter-output>
          </reporter-output>
        </test-method> <!-- eightht -->
        <test-method status="PASS" signature="login()[pri:0, instance:testNG.Third_Class@1753acfe]" name="login" duration-ms="18346" started-at="2018-12-09T12:54:57Z" finished-at="2018-12-09T12:55:16Z">
          <reporter-output>
          </reporter-output>
        </test-method> <!-- login -->
        <test-method status="PASS" signature="nineth()[pri:0, instance:testNG.Third_Class@1753acfe]" name="nineth" duration-ms="1" started-at="2018-12-09T12:55:16Z" finished-at="2018-12-09T12:55:16Z">
          <reporter-output>
          </reporter-output>
        </test-method> <!-- nineth -->
        <test-method status="PASS" signature="seventh()[pri:0, instance:testNG.Third_Class@1753acfe]" name="seventh" duration-ms="2" started-at="2018-12-09T12:55:16Z" finished-at="2018-12-09T12:55:16Z">
          <reporter-output>
          </reporter-output>
        </test-method> <!-- seventh -->
      </class> <!-- testNG.Third_Class -->
    </test> <!-- Default test -->
  </suite> <!-- Default suite -->
</testng-results>
